android/app/build/intermediates/manifest_merge_blame_file/debug/manifest-merger-blame-debug-report.txt
1<?xml version="1.0" encoding="utf-8"?>
2<manifest xmlns:android="http://schemas.android.com/apk/res/android"
3    package="com.food_delivery_app"
4    android:versionCode="1"
5    android:versionName="1.0" >
6
7    <uses-sdk
8        android:minSdkVersion="21"
9        android:targetSdkVersion="33" />
10
11    <uses-permission android:name="android.permission.SYSTEM_ALERT_WINDOW" />
11-->src\debug\AndroidManifest.xml:5:5-77
11-->src\debug\AndroidManifest.xml:5:22-75
12    <uses-permission android:name="android.permission.READ_EXTERNAL_STORAGE" />
12-->src\debug\AndroidManifest.xml:6:5-80
12-->src\debug\AndroidManifest.xml:6:22-77
13    <uses-permission android:name="android.permission.WRITE_EXTERNAL_STORAGE" />
13-->src\debug\AndroidManifest.xml:7:5-81
13-->src\debug\AndroidManifest.xml:7:22-78
14    <uses-permission android:name="android.permission.CAMERA" />
14-->src\debug\AndroidManifest.xml:8:5-65
14-->src\debug\AndroidManifest.xml:8:22-62
15    <uses-permission android:name="android.permission.INTERNET" />
15-->src\main\AndroidManifest.xml:3:5-67
15-->src\main\AndroidManifest.xml:3:22-64
16    <uses-permission android:name="android.permission.ACCESS_WIFI_STATE" />
16-->[com.facebook.flipper:flipper:0.182.0] AndroidManifest.xml:16:5-76
16-->[com.facebook.flipper:flipper:0.182.0] AndroidManifest.xml:16:22-73
17
18    <queries>
18-->[:react-native-image-crop-picker] AndroidManifest.xml:7:5-11:15
19        <intent>
19-->[:react-native-image-crop-picker] AndroidManifest.xml:8:9-10:18
20            <action android:name="android.media.action.IMAGE_CAPTURE" />
20-->[:react-native-image-crop-picker] AndroidManifest.xml:9:13-73
20-->[:react-native-image-crop-picker] AndroidManifest.xml:9:21-70
21        </intent>
22        <!-- Needs to be explicitly declared on Android R+ -->
23        <package android:name="com.google.android.apps.maps" />
23-->[com.google.android.gms:play-services-maps:18.0.2] AndroidManifest.xml:33:9-64
23-->[com.google.android.gms:play-services-maps:18.0.2] AndroidManifest.xml:33:18-61
24    </queries>
25
26    <uses-permission android:name="android.permission.WAKE_LOCK" />
26-->[androidx.work:work-runtime:2.7.1] AndroidManifest.xml:25:5-68
26-->[androidx.work:work-runtime:2.7.1] AndroidManifest.xml:25:22-65
27    <uses-permission android:name="android.permission.ACCESS_NETWORK_STATE" />
27-->[androidx.work:work-runtime:2.7.1] AndroidManifest.xml:26:5-79
27-->[androidx.work:work-runtime:2.7.1] AndroidManifest.xml:26:22-76
28    <uses-permission android:name="android.permission.RECEIVE_BOOT_COMPLETED" />
28-->[androidx.work:work-runtime:2.7.1] AndroidManifest.xml:27:5-81
28-->[androidx.work:work-runtime:2.7.1] AndroidManifest.xml:27:22-78
29    <uses-permission android:name="android.permission.FOREGROUND_SERVICE" />
29-->[androidx.work:work-runtime:2.7.1] AndroidManifest.xml:28:5-77
29-->[androidx.work:work-runtime:2.7.1] AndroidManifest.xml:28:22-74
30
31    <uses-feature
31-->[com.google.android.gms:play-services-maps:18.0.2] AndroidManifest.xml:26:5-28:35
32        android:glEsVersion="0x00020000"
32-->[com.google.android.gms:play-services-maps:18.0.2] AndroidManifest.xml:27:9-41
33        android:required="true" />
33-->[com.google.android.gms:play-services-maps:18.0.2] AndroidManifest.xml:28:9-32
34
35    <application
35-->src\main\AndroidManifest.xml:5:5-24:19
36        android:name="com.food_delivery_app.MainApplication"
36-->src\main\AndroidManifest.xml:6:7-38
37        android:allowBackup="false"
37-->src\main\AndroidManifest.xml:10:7-34
38        android:appComponentFactory="androidx.core.app.CoreComponentFactory"
38-->[androidx.core:core:1.7.0] AndroidManifest.xml:24:18-86
39        android:debuggable="true"
40        android:icon="@mipmap/ic_launcher"
40-->src\main\AndroidManifest.xml:8:7-41
41        android:label="@string/app_name"
41-->src\main\AndroidManifest.xml:7:7-39
42        android:roundIcon="@mipmap/ic_launcher_round"
42-->src\main\AndroidManifest.xml:9:7-52
43        android:theme="@style/AppTheme"
43-->src\main\AndroidManifest.xml:11:7-38
44        android:usesCleartextTraffic="true" >
44-->src\debug\AndroidManifest.xml:13:9-44
45        <activity
45-->src\debug\AndroidManifest.xml:16:9-111
46            android:name="com.facebook.react.devsupport.DevSettingsActivity"
46-->src\debug\AndroidManifest.xml:16:19-83
47            android:exported="false" />
47-->src\debug\AndroidManifest.xml:16:84-108
48        <activity
48-->src\main\AndroidManifest.xml:12:7-23:18
49            android:name="com.food_delivery_app.MainActivity"
49-->src\main\AndroidManifest.xml:13:9-37
50            android:configChanges="keyboard|keyboardHidden|orientation|screenLayout|screenSize|smallestScreenSize|uiMode"
50-->src\main\AndroidManifest.xml:15:9-118
51            android:exported="true"
51-->src\main\AndroidManifest.xml:18:9-32
52            android:label="@string/app_name"
52-->src\main\AndroidManifest.xml:14:9-41
53            android:launchMode="singleTask"
53-->src\main\AndroidManifest.xml:16:9-40
54            android:windowSoftInputMode="adjustResize" >
54-->src\main\AndroidManifest.xml:17:9-51
55            <intent-filter>
55-->src\main\AndroidManifest.xml:19:9-22:25
56                <action android:name="android.intent.action.MAIN" />
56-->src\main\AndroidManifest.xml:20:13-65
56-->src\main\AndroidManifest.xml:20:21-62
57
58                <category android:name="android.intent.category.LAUNCHER" />
58-->src\main\AndroidManifest.xml:21:13-73
58-->src\main\AndroidManifest.xml:21:23-70
59            </intent-filter>
60        </activity> <!-- You will only need to add this meta-data tag, but make sure it's a child of application -->
61        <meta-data
61-->src\main\AndroidManifest.xml:27:5-29:66
62            android:name="com.google.android.geo.API_KEY"
62-->src\main\AndroidManifest.xml:28:9-54
63            android:value="AIzaSyBYsGxQfhKd14H5ldBmp8FbRTINNalemEE" />
63-->src\main\AndroidManifest.xml:29:9-64
64
65        <provider
65-->[:react-native-image-crop-picker] AndroidManifest.xml:16:9-24:20
66            android:name="com.reactnative.ivpusic.imagepicker.IvpusicImagePickerFileProvider"
66-->[:react-native-image-crop-picker] AndroidManifest.xml:17:13-94
67            android:authorities="com.food_delivery_app.provider"
67-->[:react-native-image-crop-picker] AndroidManifest.xml:18:13-60
68            android:exported="false"
68-->[:react-native-image-crop-picker] AndroidManifest.xml:19:13-37
69            android:grantUriPermissions="true" >
69-->[:react-native-image-crop-picker] AndroidManifest.xml:20:13-47
70            <meta-data
70-->[:react-native-image-crop-picker] AndroidManifest.xml:21:13-23:78
71                android:name="android.support.FILE_PROVIDER_PATHS"
71-->[:react-native-image-crop-picker] AndroidManifest.xml:22:17-67
72                android:resource="@xml/ivpusic_imagepicker_provider_paths" />
72-->[:react-native-image-crop-picker] AndroidManifest.xml:23:17-75
73        </provider>
74
75        <activity
75-->[:react-native-image-crop-picker] AndroidManifest.xml:26:9-28:72
76            android:name="com.yalantis.ucrop.UCropActivity"
76-->[:react-native-image-crop-picker] AndroidManifest.xml:27:13-60
77            android:theme="@style/Theme.AppCompat.Light.NoActionBar" />
77-->[:react-native-image-crop-picker] AndroidManifest.xml:28:13-69
78
79        <provider
79-->[:react-native-image-picker] AndroidManifest.xml:8:9-16:20
80            android:name="com.imagepicker.ImagePickerProvider"
80-->[:react-native-image-picker] AndroidManifest.xml:9:13-63
81            android:authorities="com.food_delivery_app.imagepickerprovider"
81-->[:react-native-image-picker] AndroidManifest.xml:10:13-71
82            android:exported="false"
82-->[:react-native-image-picker] AndroidManifest.xml:11:13-37
83            android:grantUriPermissions="true" >
83-->[:react-native-image-picker] AndroidManifest.xml:12:13-47
84            <meta-data
84-->[:react-native-image-crop-picker] AndroidManifest.xml:21:13-23:78
85                android:name="android.support.FILE_PROVIDER_PATHS"
85-->[:react-native-image-crop-picker] AndroidManifest.xml:22:17-67
86                android:resource="@xml/imagepicker_provider_paths" />
86-->[:react-native-image-crop-picker] AndroidManifest.xml:23:17-75
87        </provider>
88        <provider
88-->[:react-native-webview] AndroidManifest.xml:8:9-16:20
89            android:name="com.reactnativecommunity.webview.RNCWebViewFileProvider"
89-->[:react-native-webview] AndroidManifest.xml:9:13-83
90            android:authorities="com.food_delivery_app.fileprovider"
90-->[:react-native-webview] AndroidManifest.xml:10:13-64
91            android:exported="false"
91-->[:react-native-webview] AndroidManifest.xml:11:13-37
92            android:grantUriPermissions="true" >
92-->[:react-native-webview] AndroidManifest.xml:12:13-47
93            <meta-data
93-->[:react-native-image-crop-picker] AndroidManifest.xml:21:13-23:78
94                android:name="android.support.FILE_PROVIDER_PATHS"
94-->[:react-native-image-crop-picker] AndroidManifest.xml:22:17-67
95                android:resource="@xml/file_provider_paths" />
95-->[:react-native-image-crop-picker] AndroidManifest.xml:23:17-75
96        </provider>
97
98        <meta-data
98-->[com.facebook.soloader:soloader:0.10.5] AndroidManifest.xml:12:9-14:37
99            android:name="com.facebook.soloader.enabled"
99-->[com.facebook.soloader:soloader:0.10.5] AndroidManifest.xml:13:13-57
100            android:value="false" />
100-->[com.facebook.soloader:soloader:0.10.5] AndroidManifest.xml:14:13-34
101
102        <provider
102-->[androidx.work:work-runtime:2.7.1] AndroidManifest.xml:31:9-39:20
103            android:name="androidx.startup.InitializationProvider"
103-->[androidx.work:work-runtime:2.7.1] AndroidManifest.xml:32:13-67
104            android:authorities="com.food_delivery_app.androidx-startup"
104-->[androidx.work:work-runtime:2.7.1] AndroidManifest.xml:33:13-68
105            android:exported="false" >
105-->[androidx.work:work-runtime:2.7.1] AndroidManifest.xml:34:13-37
106            <meta-data
106-->[androidx.work:work-runtime:2.7.1] AndroidManifest.xml:36:13-38:52
107                android:name="androidx.work.WorkManagerInitializer"
107-->[androidx.work:work-runtime:2.7.1] AndroidManifest.xml:37:17-68
108                android:value="androidx.startup" />
108-->[androidx.work:work-runtime:2.7.1] AndroidManifest.xml:38:17-49
109            <meta-data
109-->[androidx.emoji2:emoji2:1.0.0] AndroidManifest.xml:31:13-33:52
110                android:name="androidx.emoji2.text.EmojiCompatInitializer"
110-->[androidx.emoji2:emoji2:1.0.0] AndroidManifest.xml:32:17-75
111                android:value="androidx.startup" />
111-->[androidx.emoji2:emoji2:1.0.0] AndroidManifest.xml:33:17-49
112            <meta-data
112-->[androidx.lifecycle:lifecycle-process:2.4.0] AndroidManifest.xml:31:13-33:52
113                android:name="androidx.lifecycle.ProcessLifecycleInitializer"
113-->[androidx.lifecycle:lifecycle-process:2.4.0] AndroidManifest.xml:32:17-78
114                android:value="androidx.startup" />
114-->[androidx.lifecycle:lifecycle-process:2.4.0] AndroidManifest.xml:33:17-49
115        </provider>
116
117        <service
117-->[androidx.work:work-runtime:2.7.1] AndroidManifest.xml:41:9-46:35
118            android:name="androidx.work.impl.background.systemalarm.SystemAlarmService"
118-->[androidx.work:work-runtime:2.7.1] AndroidManifest.xml:42:13-88
119            android:directBootAware="false"
119-->[androidx.work:work-runtime:2.7.1] AndroidManifest.xml:43:13-44
120            android:enabled="@bool/enable_system_alarm_service_default"
120-->[androidx.work:work-runtime:2.7.1] AndroidManifest.xml:44:13-72
121            android:exported="false" />
121-->[androidx.work:work-runtime:2.7.1] AndroidManifest.xml:45:13-37
122        <service
122-->[androidx.work:work-runtime:2.7.1] AndroidManifest.xml:47:9-53:35
123            android:name="androidx.work.impl.background.systemjob.SystemJobService"
123-->[androidx.work:work-runtime:2.7.1] AndroidManifest.xml:48:13-84
124            android:directBootAware="false"
124-->[androidx.work:work-runtime:2.7.1] AndroidManifest.xml:49:13-44
125            android:enabled="@bool/enable_system_job_service_default"
125-->[androidx.work:work-runtime:2.7.1] AndroidManifest.xml:50:13-70
126            android:exported="true"
126-->[androidx.work:work-runtime:2.7.1] AndroidManifest.xml:51:13-36
127            android:permission="android.permission.BIND_JOB_SERVICE" />
127-->[androidx.work:work-runtime:2.7.1] AndroidManifest.xml:52:13-69
128        <service
128-->[androidx.work:work-runtime:2.7.1] AndroidManifest.xml:54:9-59:35
129            android:name="androidx.work.impl.foreground.SystemForegroundService"
129-->[androidx.work:work-runtime:2.7.1] AndroidManifest.xml:55:13-81
130            android:directBootAware="false"
130-->[androidx.work:work-runtime:2.7.1] AndroidManifest.xml:56:13-44
131            android:enabled="@bool/enable_system_foreground_service_default"
131-->[androidx.work:work-runtime:2.7.1] AndroidManifest.xml:57:13-77
132            android:exported="false" />
132-->[androidx.work:work-runtime:2.7.1] AndroidManifest.xml:58:13-37
133
134        <receiver
134-->[androidx.work:work-runtime:2.7.1] AndroidManifest.xml:61:9-66:35
135            android:name="androidx.work.impl.utils.ForceStopRunnable$BroadcastReceiver"
135-->[androidx.work:work-runtime:2.7.1] AndroidManifest.xml:62:13-88
136            android:directBootAware="false"
136-->[androidx.work:work-runtime:2.7.1] AndroidManifest.xml:63:13-44
137            android:enabled="true"
137-->[androidx.work:work-runtime:2.7.1] AndroidManifest.xml:64:13-35
138            android:exported="false" />
138-->[androidx.work:work-runtime:2.7.1] AndroidManifest.xml:65:13-37
139        <receiver
139-->[androidx.work:work-runtime:2.7.1] AndroidManifest.xml:67:9-77:20
140            android:name="androidx.work.impl.background.systemalarm.ConstraintProxy$BatteryChargingProxy"
140-->[androidx.work:work-runtime:2.7.1] AndroidManifest.xml:68:13-106
141            android:directBootAware="false"
141-->[androidx.work:work-runtime:2.7.1] AndroidManifest.xml:69:13-44
142            android:enabled="false"
142-->[androidx.work:work-runtime:2.7.1] AndroidManifest.xml:70:13-36
143            android:exported="false" >
143-->[androidx.work:work-runtime:2.7.1] AndroidManifest.xml:71:13-37
144            <intent-filter>
144-->[androidx.work:work-runtime:2.7.1] AndroidManifest.xml:73:13-76:29
145                <action android:name="android.intent.action.ACTION_POWER_CONNECTED" />
145-->[androidx.work:work-runtime:2.7.1] AndroidManifest.xml:74:17-87
145-->[androidx.work:work-runtime:2.7.1] AndroidManifest.xml:74:25-84
146                <action android:name="android.intent.action.ACTION_POWER_DISCONNECTED" />
146-->[androidx.work:work-runtime:2.7.1] AndroidManifest.xml:75:17-90
146-->[androidx.work:work-runtime:2.7.1] AndroidManifest.xml:75:25-87
147            </intent-filter>
148        </receiver>
149        <receiver
149-->[androidx.work:work-runtime:2.7.1] AndroidManifest.xml:78:9-88:20
150            android:name="androidx.work.impl.background.systemalarm.ConstraintProxy$BatteryNotLowProxy"
150-->[androidx.work:work-runtime:2.7.1] AndroidManifest.xml:79:13-104
151            android:directBootAware="false"
151-->[androidx.work:work-runtime:2.7.1] AndroidManifest.xml:80:13-44
152            android:enabled="false"
152-->[androidx.work:work-runtime:2.7.1] AndroidManifest.xml:81:13-36
153            android:exported="false" >
153-->[androidx.work:work-runtime:2.7.1] AndroidManifest.xml:82:13-37
154            <intent-filter>
154-->[androidx.work:work-runtime:2.7.1] AndroidManifest.xml:84:13-87:29
155                <action android:name="android.intent.action.BATTERY_OKAY" />
155-->[androidx.work:work-runtime:2.7.1] AndroidManifest.xml:85:17-77
155-->[androidx.work:work-runtime:2.7.1] AndroidManifest.xml:85:25-74
156                <action android:name="android.intent.action.BATTERY_LOW" />
156-->[androidx.work:work-runtime:2.7.1] AndroidManifest.xml:86:17-76
156-->[androidx.work:work-runtime:2.7.1] AndroidManifest.xml:86:25-73
157            </intent-filter>
158        </receiver>
159        <receiver
159-->[androidx.work:work-runtime:2.7.1] AndroidManifest.xml:89:9-99:20
160            android:name="androidx.work.impl.background.systemalarm.ConstraintProxy$StorageNotLowProxy"
160-->[androidx.work:work-runtime:2.7.1] AndroidManifest.xml:90:13-104
161            android:directBootAware="false"
161-->[androidx.work:work-runtime:2.7.1] AndroidManifest.xml:91:13-44
162            android:enabled="false"
162-->[androidx.work:work-runtime:2.7.1] AndroidManifest.xml:92:13-36
163            android:exported="false" >
163-->[androidx.work:work-runtime:2.7.1] AndroidManifest.xml:93:13-37
164            <intent-filter>
164-->[androidx.work:work-runtime:2.7.1] AndroidManifest.xml:95:13-98:29
165                <action android:name="android.intent.action.DEVICE_STORAGE_LOW" />
165-->[androidx.work:work-runtime:2.7.1] AndroidManifest.xml:96:17-83
165-->[androidx.work:work-runtime:2.7.1] AndroidManifest.xml:96:25-80
166                <action android:name="android.intent.action.DEVICE_STORAGE_OK" />
166-->[androidx.work:work-runtime:2.7.1] AndroidManifest.xml:97:17-82
166-->[androidx.work:work-runtime:2.7.1] AndroidManifest.xml:97:25-79
167            </intent-filter>
168        </receiver>
169        <receiver
169-->[androidx.work:work-runtime:2.7.1] AndroidManifest.xml:100:9-109:20
170            android:name="androidx.work.impl.background.systemalarm.ConstraintProxy$NetworkStateProxy"
170-->[androidx.work:work-runtime:2.7.1] AndroidManifest.xml:101:13-103
171            android:directBootAware="false"
171-->[androidx.work:work-runtime:2.7.1] AndroidManifest.xml:102:13-44
172            android:enabled="false"
172-->[androidx.work:work-runtime:2.7.1] AndroidManifest.xml:103:13-36
173            android:exported="false" >
173-->[androidx.work:work-runtime:2.7.1] AndroidManifest.xml:104:13-37
174            <intent-filter>
174-->[androidx.work:work-runtime:2.7.1] AndroidManifest.xml:106:13-108:29
175                <action android:name="android.net.conn.CONNECTIVITY_CHANGE" />
175-->[androidx.work:work-runtime:2.7.1] AndroidManifest.xml:107:17-79
175-->[androidx.work:work-runtime:2.7.1] AndroidManifest.xml:107:25-76
176            </intent-filter>
177        </receiver>
178        <receiver
178-->[androidx.work:work-runtime:2.7.1] AndroidManifest.xml:110:9-121:20
179            android:name="androidx.work.impl.background.systemalarm.RescheduleReceiver"
179-->[androidx.work:work-runtime:2.7.1] AndroidManifest.xml:111:13-88
180            android:directBootAware="false"
180-->[androidx.work:work-runtime:2.7.1] AndroidManifest.xml:112:13-44
181            android:enabled="false"
181-->[androidx.work:work-runtime:2.7.1] AndroidManifest.xml:113:13-36
182            android:exported="false" >
182-->[androidx.work:work-runtime:2.7.1] AndroidManifest.xml:114:13-37
183            <intent-filter>
183-->[androidx.work:work-runtime:2.7.1] AndroidManifest.xml:116:13-120:29
184                <action android:name="android.intent.action.BOOT_COMPLETED" />
184-->[androidx.work:work-runtime:2.7.1] AndroidManifest.xml:117:17-79
184-->[androidx.work:work-runtime:2.7.1] AndroidManifest.xml:117:25-76
185                <action android:name="android.intent.action.TIME_SET" />
185-->[androidx.work:work-runtime:2.7.1] AndroidManifest.xml:118:17-73
185-->[androidx.work:work-runtime:2.7.1] AndroidManifest.xml:118:25-70
186                <action android:name="android.intent.action.TIMEZONE_CHANGED" />
186-->[androidx.work:work-runtime:2.7.1] AndroidManifest.xml:119:17-81
186-->[androidx.work:work-runtime:2.7.1] AndroidManifest.xml:119:25-78
187            </intent-filter>
188        </receiver>
189        <receiver
189-->[androidx.work:work-runtime:2.7.1] AndroidManifest.xml:122:9-131:20
190            android:name="androidx.work.impl.background.systemalarm.ConstraintProxyUpdateReceiver"
190-->[androidx.work:work-runtime:2.7.1] AndroidManifest.xml:123:13-99
191            android:directBootAware="false"
191-->[androidx.work:work-runtime:2.7.1] AndroidManifest.xml:124:13-44
192            android:enabled="@bool/enable_system_alarm_service_default"
192-->[androidx.work:work-runtime:2.7.1] AndroidManifest.xml:125:13-72
193            android:exported="false" >
193-->[androidx.work:work-runtime:2.7.1] AndroidManifest.xml:126:13-37
194            <intent-filter>
194-->[androidx.work:work-runtime:2.7.1] AndroidManifest.xml:128:13-130:29
195                <action android:name="androidx.work.impl.background.systemalarm.UpdateProxies" />
195-->[androidx.work:work-runtime:2.7.1] AndroidManifest.xml:129:17-98
195-->[androidx.work:work-runtime:2.7.1] AndroidManifest.xml:129:25-95
196            </intent-filter>
197        </receiver>
198        <receiver
198-->[androidx.work:work-runtime:2.7.1] AndroidManifest.xml:132:9-142:20
199            android:name="androidx.work.impl.diagnostics.DiagnosticsReceiver"
199-->[androidx.work:work-runtime:2.7.1] AndroidManifest.xml:133:13-78
200            android:directBootAware="false"
200-->[androidx.work:work-runtime:2.7.1] AndroidManifest.xml:134:13-44
201            android:enabled="true"
201-->[androidx.work:work-runtime:2.7.1] AndroidManifest.xml:135:13-35
202            android:exported="true"
202-->[androidx.work:work-runtime:2.7.1] AndroidManifest.xml:136:13-36
203            android:permission="android.permission.DUMP" >
203-->[androidx.work:work-runtime:2.7.1] AndroidManifest.xml:137:13-57
204            <intent-filter>
204-->[androidx.work:work-runtime:2.7.1] AndroidManifest.xml:139:13-141:29
205                <action android:name="androidx.work.diagnostics.REQUEST_DIAGNOSTICS" />
205-->[androidx.work:work-runtime:2.7.1] AndroidManifest.xml:140:17-88
205-->[androidx.work:work-runtime:2.7.1] AndroidManifest.xml:140:25-85
206            </intent-filter>
207        </receiver>
208
209        <service
209-->[androidx.room:room-runtime:2.2.5] AndroidManifest.xml:25:9-28:40
210            android:name="androidx.room.MultiInstanceInvalidationService"
210-->[androidx.room:room-runtime:2.2.5] AndroidManifest.xml:26:13-74
211            android:directBootAware="true"
211-->[androidx.room:room-runtime:2.2.5] AndroidManifest.xml:27:13-43
212            android:exported="false" /> <!-- Needs to be explicitly declared on P+ -->
212-->[androidx.room:room-runtime:2.2.5] AndroidManifest.xml:28:13-37
213        <uses-library
213-->[com.google.android.gms:play-services-maps:18.0.2] AndroidManifest.xml:39:9-41:40
214            android:name="org.apache.http.legacy"
214-->[com.google.android.gms:play-services-maps:18.0.2] AndroidManifest.xml:40:13-50
215            android:required="false" />
215-->[com.google.android.gms:play-services-maps:18.0.2] AndroidManifest.xml:41:13-37
216
217        <activity
217-->[com.google.android.gms:play-services-base:18.1.0] AndroidManifest.xml:20:9-22:45
218            android:name="com.google.android.gms.common.api.GoogleApiActivity"
218-->[com.google.android.gms:play-services-base:18.1.0] AndroidManifest.xml:20:19-85
219            android:exported="false"
219-->[com.google.android.gms:play-services-base:18.1.0] AndroidManifest.xml:22:19-43
220            android:theme="@android:style/Theme.Translucent.NoTitleBar" />
220-->[com.google.android.gms:play-services-base:18.1.0] AndroidManifest.xml:21:19-78
221
222        <meta-data
222-->[com.google.android.gms:play-services-basement:18.1.0] AndroidManifest.xml:21:9-23:69
223            android:name="com.google.android.gms.version"
223-->[com.google.android.gms:play-services-basement:18.1.0] AndroidManifest.xml:22:13-58
224            android:value="@integer/google_play_services_version" />
224-->[com.google.android.gms:play-services-basement:18.1.0] AndroidManifest.xml:23:13-66
225    </application>
226
227</manifest>